<?xml version="1.0" encoding="UTF-8"?>
<!-- Generated by org.testng.reporters.JUnitReportReporter -->
<testsuite skipped="0" hostname="QTLSYS0-225" name="tests.QCStore" tests="1" failures="0" timestamp="03 Jul 2020 13:04:31 GMT" time="170.728" errors="0">
  <testcase name="QC_ILP_Loan_2PDL_Loan_Trying_To_Apply_Conversion_BySelecting_ILPLoan_Txn_Testdata" time="170.728" classname="tests.QCStore"/>
</testsuite> <!-- tests.QCStore -->
