<?xml version="1.0" encoding="UTF-8"?>
<!-- Generated by org.testng.reporters.JUnitReportReporter -->
<testsuite skipped="0" hostname="QTLSYS0-225" name="tests.QCStore" tests="1" failures="0" timestamp="13 Jul 2020 12:11:40 GMT" time="284.245" errors="0">
  <testcase name="QC_Sprint_Online_WIILP_ACH_Txn_Testdata" time="284.245" classname="tests.QCStore"/>
</testsuite> <!-- tests.QCStore -->
