<?xml version="1.0" encoding="UTF-8"?>
<!-- Generated by org.testng.reporters.JUnitReportReporter -->
<testsuite skipped="0" hostname="QTLSYS0-225" name="tests.QCStore" tests="1" failures="0" timestamp="01 Jul 2020 05:15:13 GMT" time="1828.088" errors="0">
  <testcase name="QC_3Payments_Refinance_Weekly_StepSame_LoanAmountEdit_Txn_Testdata" time="1828.088" classname="tests.QCStore"/>
</testsuite> <!-- tests.QCStore -->
